<?xml version="1.0" encoding="UTF-8"?>
<!-- Generated by org.testng.reporters.JUnitReportReporter -->
<testsuite hostname="hp-PC" failures="0" tests="1" name="Assignment.Wheather_App" time="322.351" errors="0" timestamp="2023-08-02T09:14:33 IST" skipped="0">
  <testcase classname="Assignment.Wheather_App" name="testWeatherApp" time="322.351"/>
  <system-out/>
</testsuite> <!-- Assignment.Wheather_App -->
